<?xml version="1.0" encoding="UTF-8"?>
<testng-results ignored="0" total="1" passed="1" failed="0" skipped="0">
  <reporter-output>
  </reporter-output>
  <suite started-at="2021-03-02T15:56:59 EST" name="Surefire suite" finished-at="2021-03-02T15:57:02 EST" duration-ms="3349">
    <groups>
    </groups>
    <test started-at="2021-03-02T15:56:59 EST" name="Surefire test" finished-at="2021-03-02T15:57:02 EST" duration-ms="3349">
      <class name="data.DataDrivenExamples1">
        <test-method signature="TestPOST(java.lang.String, java.lang.String, int)[pri:0, instance:data.DataDrivenExamples1@22555ebf]" started-at="2021-03-02T15:56:59 EST" name="TestPOST" data-provider="DataForPost" finished-at="2021-03-02T15:57:02 EST" duration-ms="3264" status="PASS">
          <params>
            <param index="0">
              <value>
                <![CDATA[Albert]]>
              </value>
            </param>
            <param index="1">
              <value>
                <![CDATA[Einstein]]>
              </value>
            </param>
            <param index="2">
              <value>
                <![CDATA[1]]>
              </value>
            </param>
          </params>
          <reporter-output>
          </reporter-output>
        </test-method> <!-- TestPOST -->
      </class> <!-- data.DataDrivenExamples1 -->
    </test> <!-- Surefire test -->
  </suite> <!-- Surefire suite -->
</testng-results>
