<?xml version="1.0" encoding="UTF-8"?>
<testng-results ignored="0" total="1" passed="1" failed="0" skipped="0">
  <reporter-output>
  </reporter-output>
  <suite started-at="2021-03-02T17:06:29 EST" name="Default suite" finished-at="2021-03-02T17:06:32 EST" duration-ms="2550">
    <groups>
    </groups>
    <test started-at="2021-03-02T17:06:29 EST" name="Default test" finished-at="2021-03-02T17:06:32 EST" duration-ms="2550">
      <class name="data.DataDrivenExamples1">
        <test-method signature="TestDelete(int)[pri:0, instance:data.DataDrivenExamples1@44821a96]" started-at="2021-03-02T17:06:29 EST" name="TestDelete" data-provider="DataForDelete" finished-at="2021-03-02T17:06:32 EST" duration-ms="2468" status="PASS">
          <params>
            <param index="0">
              <value>
                <![CDATA[11]]>
              </value>
            </param>
          </params>
          <reporter-output>
          </reporter-output>
        </test-method> <!-- TestDelete -->
      </class> <!-- data.DataDrivenExamples1 -->
    </test> <!-- Default test -->
  </suite> <!-- Default suite -->
</testng-results>
